# JRE version: OpenJDK Runtime Environment Temurin-21.0.9+10 (21.0.9+10) (build 21.0.9+10-LTS)
# Java VM: OpenJDK 64-Bit Server VM Temurin-21.0.9+10 (21.0.9+10-LTS, mixed mode, sharing, tiered, compressed oops, compressed class ptrs, parallel gc, windows-amd64)
GC Precious Log:
 CardTable entry size: 512
 CPUs: 12 total, 12 available
 Memory: 7501M
 Large Page Support: Disabled
 NUMA Support: Disabled
 Compressed Oops: Enabled (32-bit)
 Alignments: Space 512K, Generation 512K, Heap 2M
 Heap Min Capacity: 100M
 Heap Initial Capacity: 100M
 Heap Max Capacity: 2G
 Pre-touch: Disabled
 Parallel Workers: 10
Heap:
 PSYoungGen      total 12800K, used 10729K [0x00000000d5580000, 0x00000000d6580000, 0x0000000100000000)
  eden space 11776K, 85% used [0x00000000d5580000,0x00000000d5f5c810,0x00000000d6100000)
  from space 1024K, 61% used [0x00000000d6100000,0x00000000d619de58,0x00000000d6200000)
  to   space 1024K, 0% used [0x00000000d6480000,0x00000000d6480000,0x00000000d6580000)
 ParOldGen       total 1189376K, used 1187477K [0x0000000080000000, 0x00000000c8980000, 0x00000000d5580000)
  object space 1189376K, 99% used [0x0000000080000000,0x00000000c87a5410,0x00000000c8980000)
 Metaspace       used 106980K, committed 109120K, reserved 1179648K
  class space    used 10478K, committed 11520K, reserved 1048576K
GC Heap History (20 events):
Event: 31048.748 GC heap before
{Heap before GC invocations=17263 (full 24):
 PSYoungGen      total 10752K, used 10304K [0x00000000d5580000, 0x00000000d6480000, 0x0000000100000000)
  eden space 8192K, 100% used [0x00000000d5580000,0x00000000d5d80000,0x00000000d5d80000)
  from space 2560K, 82% used [0x00000000d5e00000,0x00000000d6010020,0x00000000d6080000)
  to   space 3584K, 0% used [0x00000000d6100000,0x00000000d6100000,0x00000000d6480000)
 ParOldGen       total 1157632K, used 1157533K [0x0000000080000000, 0x00000000c6a80000, 0x00000000d5580000)
  object space 1157632K, 99% used [0x0000000080000000,0x00000000c6a677e8,0x00000000c6a80000)
 Metaspace       used 106977K, committed 109120K, reserved 1179648K
  class space    used 10478K, committed 11520K, reserved 1048576K
}
Event: 31048.753 GC heap after
{Heap after GC invocations=17263 (full 24):
 PSYoungGen      total 9728K, used 1056K [0x00000000d5580000, 0x00000000d6280000, 0x0000000100000000)
  eden space 8192K, 0% used [0x00000000d5580000,0x00000000d5580000,0x00000000d5d80000)
  from space 1536K, 68% used [0x00000000d6100000,0x00000000d6208000,0x00000000d6280000)
  to   space 2048K, 0% used [0x00000000d5e80000,0x00000000d5e80000,0x00000000d6080000)
 ParOldGen       total 1159680K, used 1159506K [0x0000000080000000, 0x00000000c6c80000, 0x00000000d5580000)
  object space 1159680K, 99% used [0x0000000080000000,0x00000000c6c54a10,0x00000000c6c80000)
 Metaspace       used 106977K, committed 109120K, reserved 1179648K
  class space    used 10478K, committed 11520K, reserved 1048576K
}
Event: 31048.762 GC heap before
{Heap before GC invocations=17264 (full 24):
 PSYoungGen      total 9728K, used 9248K [0x00000000d5580000, 0x00000000d6280000, 0x0000000100000000)
  eden space 8192K, 100% used [0x00000000d5580000,0x00000000d5d80000,0x00000000d5d80000)
  from space 1536K, 68% used [0x00000000d6100000,0x00000000d6208000,0x00000000d6280000)
  to   space 2048K, 0% used [0x00000000d5e80000,0x00000000d5e80000,0x00000000d6080000)
 ParOldGen       total 1159680K, used 1159506K [0x0000000080000000, 0x00000000c6c80000, 0x00000000d5580000)
  object space 1159680K, 99% used [0x0000000080000000,0x00000000c6c54a10,0x00000000c6c80000)
 Metaspace       used 106977K, committed 109120K, reserved 1179648K
  class space    used 10478K, committed 11520K, reserved 1048576K
}
Event: 31048.766 GC heap after
{Heap after GC invocations=17264 (full 24):
 PSYoungGen      total 9728K, used 1097K [0x00000000d5580000, 0x00000000d6180000, 0x0000000100000000)
  eden space 8192K, 0% used [0x00000000d5580000,0x00000000d5580000,0x00000000d5d80000)
  from space 1536K, 71% used [0x00000000d5e80000,0x00000000d5f92400,0x00000000d6000000)
  to   space 1536K, 0% used [0x00000000d6000000,0x00000000d6000000,0x00000000d6180000)
 ParOldGen       total 1160704K, used 1160362K [0x0000000080000000, 0x00000000c6d80000, 0x00000000d5580000)
  object space 1160704K, 99% used [0x0000000080000000,0x00000000c6d2aa48,0x00000000c6d80000)
 Metaspace       used 106977K, committed 109120K, reserved 1179648K
  class space    used 10478K, committed 11520K, reserved 1048576K
}
Event: 31048.799 GC heap before
{Heap before GC invocations=17265 (full 24):
 PSYoungGen      total 9728K, used 9289K [0x00000000d5580000, 0x00000000d6180000, 0x0000000100000000)
  eden space 8192K, 100% used [0x00000000d5580000,0x00000000d5d80000,0x00000000d5d80000)
  from space 1536K, 71% used [0x00000000d5e80000,0x00000000d5f92400,0x00000000d6000000)
  to   space 1536K, 0% used [0x00000000d6000000,0x00000000d6000000,0x00000000d6180000)
 ParOldGen       total 1160704K, used 1160362K [0x0000000080000000, 0x00000000c6d80000, 0x00000000d5580000)
  object space 1160704K, 99% used [0x0000000080000000,0x00000000c6d2aa48,0x00000000c6d80000)
 Metaspace       used 106977K, committed 109120K, reserved 1179648K
  class space    used 10478K, committed 11520K, reserved 1048576K
}
Event: 31048.803 GC heap after
{Heap after GC invocations=17265 (full 24):
 PSYoungGen      total 9728K, used 1369K [0x00000000d5580000, 0x00000000d6180000, 0x0000000100000000)
  eden space 8192K, 0% used [0x00000000d5580000,0x00000000d5580000,0x00000000d5d80000)
  from space 1536K, 89% used [0x00000000d6000000,0x00000000d6156410,0x00000000d6180000)
  to   space 1536K, 0% used [0x00000000d5e80000,0x00000000d5e80000,0x00000000d6000000)
 ParOldGen       total 1161728K, used 1161321K [0x0000000080000000, 0x00000000c6e80000, 0x00000000d5580000)
  object space 1161728K, 99% used [0x0000000080000000,0x00000000c6e1a548,0x00000000c6e80000)
 Metaspace       used 106977K, committed 109120K, reserved 1179648K
  class space    used 10478K, committed 11520K, reserved 1048576K
}
Event: 31054.756 GC heap before
{Heap before GC invocations=17266 (full 24):
 PSYoungGen      total 9728K, used 9561K [0x00000000d5580000, 0x00000000d6180000, 0x0000000100000000)
  eden space 8192K, 100% used [0x00000000d5580000,0x00000000d5d80000,0x00000000d5d80000)
  from space 1536K, 89% used [0x00000000d6000000,0x00000000d6156410,0x00000000d6180000)
  to   space 1536K, 0% used [0x00000000d5e80000,0x00000000d5e80000,0x00000000d6000000)
 ParOldGen       total 1161728K, used 1161321K [0x0000000080000000, 0x00000000c6e80000, 0x00000000d5580000)
  object space 1161728K, 99% used [0x0000000080000000,0x00000000c6e1a548,0x00000000c6e80000)
 Metaspace       used 106977K, committed 109120K, reserved 1179648K
  class space    used 10478K, committed 11520K, reserved 1048576K
}
Event: 31054.762 GC heap after
{Heap after GC invocations=17266 (full 24):
 PSYoungGen      total 8704K, used 393K [0x00000000d5580000, 0x00000000d6080000, 0x0000000100000000)
  eden space 8192K, 0% used [0x00000000d5580000,0x00000000d5580000,0x00000000d5d80000)
  from space 512K, 76% used [0x00000000d5e80000,0x00000000d5ee2400,0x00000000d5f00000)
  to   space 1024K, 0% used [0x00000000d5f80000,0x00000000d5f80000,0x00000000d6080000)
 ParOldGen       total 1162752K, used 1162333K [0x0000000080000000, 0x00000000c6f80000, 0x00000000d5580000)
  object space 1162752K, 99% used [0x0000000080000000,0x00000000c6f175c8,0x00000000c6f80000)
 Metaspace       used 106977K, committed 109120K, reserved 1179648K
  class space    used 10478K, committed 11520K, reserved 1048576K
}
Event: 31056.654 GC heap before
{Heap before GC invocations=17267 (full 24):
 PSYoungGen      total 8704K, used 8452K [0x00000000d5580000, 0x00000000d6080000, 0x0000000100000000)
  eden space 8192K, 98% used [0x00000000d5580000,0x00000000d5d5eec8,0x00000000d5d80000)
  from space 512K, 76% used [0x00000000d5e80000,0x00000000d5ee2400,0x00000000d5f00000)
  to   space 1024K, 0% used [0x00000000d5f80000,0x00000000d5f80000,0x00000000d6080000)
 ParOldGen       total 1162752K, used 1162333K [0x0000000080000000, 0x00000000c6f80000, 0x00000000d5580000)
  object space 1162752K, 99% used [0x0000000080000000,0x00000000c6f175c8,0x00000000c6f80000)
 Metaspace       used 106977K, committed 109120K, reserved 1179648K
  class space    used 10478K, committed 11520K, reserved 1048576K
}
Event: 31057.662 GC heap after
{Heap after GC invocations=17267 (full 24):
 PSYoungGen      total 8704K, used 321K [0x00000000d5580000, 0x00000000d6000000, 0x0000000100000000)
  eden space 8192K, 0% used [0x00000000d5580000,0x00000000d5580000,0x00000000d5d80000)
  from space 512K, 62% used [0x00000000d5f80000,0x00000000d5fd0618,0x00000000d6000000)
  to   space 512K, 0% used [0x00000000d5e80000,0x00000000d5e80000,0x00000000d5f00000)
 ParOldGen       total 1168896K, used 1168587K [0x0000000080000000, 0x00000000c7580000, 0x00000000d5580000)
  object space 1168896K, 99% used [0x0000000080000000,0x00000000c7532ee8,0x00000000c7580000)
 Metaspace       used 106977K, committed 109120K, reserved 1179648K
  class space    used 10478K, committed 11520K, reserved 1048576K
}
Event: 31057.689 GC heap before
{Heap before GC invocations=17268 (full 24):
 PSYoungGen      total 8704K, used 8384K [0x00000000d5580000, 0x00000000d6000000, 0x0000000100000000)
  eden space 8192K, 98% used [0x00000000d5580000,0x00000000d5d5fd80,0x00000000d5d80000)
  from space 512K, 62% used [0x00000000d5f80000,0x00000000d5fd0618,0x00000000d6000000)
  to   space 512K, 0% used [0x00000000d5e80000,0x00000000d5e80000,0x00000000d5f00000)
 ParOldGen       total 1168896K, used 1168768K [0x0000000080000000, 0x00000000c7580000, 0x00000000d5580000)
  object space 1168896K, 99% used [0x0000000080000000,0x00000000c7560138,0x00000000c7580000)
 Metaspace       used 106977K, committed 109120K, reserved 1179648K
  class space    used 10478K, committed 11520K, reserved 1048576K
}
Event: 31058.703 GC heap after
{Heap after GC invocations=17268 (full 24):
 PSYoungGen      total 8704K, used 466K [0x00000000d5580000, 0x00000000d6000000, 0x0000000100000000)
  eden space 8192K, 0% used [0x00000000d5580000,0x00000000d5580000,0x00000000d5d80000)
  from space 512K, 91% used [0x00000000d5e80000,0x00000000d5ef4ac8,0x00000000d5f00000)
  to   space 512K, 0% used [0x00000000d5f80000,0x00000000d5f80000,0x00000000d6000000)
 ParOldGen       total 1175040K, used 1173481K [0x0000000080000000, 0x00000000c7b80000, 0x00000000d5580000)
  object space 1175040K, 99% used [0x0000000080000000,0x00000000c79fa410,0x00000000c7b80000)
 Metaspace       used 106977K, committed 109120K, reserved 1179648K
  class space    used 10478K, committed 11520K, reserved 1048576K
}
Event: 31058.714 GC heap before
{Heap before GC invocations=17269 (full 24):
 PSYoungGen      total 8704K, used 8658K [0x00000000d5580000, 0x00000000d6000000, 0x0000000100000000)
  eden space 8192K, 100% used [0x00000000d5580000,0x00000000d5d80000,0x00000000d5d80000)
  from space 512K, 91% used [0x00000000d5e80000,0x00000000d5ef4ac8,0x00000000d5f00000)
  to   space 512K, 0% used [0x00000000d5f80000,0x00000000d5f80000,0x00000000d6000000)
 ParOldGen       total 1175040K, used 1173709K [0x0000000080000000, 0x00000000c7b80000, 0x00000000d5580000)
  object space 1175040K, 99% used [0x0000000080000000,0x00000000c7a33430,0x00000000c7b80000)
 Metaspace       used 106977K, committed 109120K, reserved 1179648K
  class space    used 10478K, committed 11520K, reserved 1048576K
}
Event: 31058.718 GC heap after
{Heap after GC invocations=17269 (full 24):
 PSYoungGen      total 10240K, used 445K [0x00000000d5580000, 0x00000000d6080000, 0x0000000100000000)
  eden space 9728K, 0% used [0x00000000d5580000,0x00000000d5580000,0x00000000d5f00000)
  from space 512K, 86% used [0x00000000d5f80000,0x00000000d5fef500,0x00000000d6000000)
  to   space 512K, 0% used [0x00000000d5f00000,0x00000000d5f00000,0x00000000d5f80000)
 ParOldGen       total 1177088K, used 1175990K [0x0000000080000000, 0x00000000c7d80000, 0x00000000d5580000)
  object space 1177088K, 99% used [0x0000000080000000,0x00000000c7c6da70,0x00000000c7d80000)
 Metaspace       used 106977K, committed 109120K, reserved 1179648K
  class space    used 10478K, committed 11520K, reserved 1048576K
}
Event: 31058.728 GC heap before
{Heap before GC invocations=17270 (full 24):
 PSYoungGen      total 10240K, used 10094K [0x00000000d5580000, 0x00000000d6080000, 0x0000000100000000)
  eden space 9728K, 99% used [0x00000000d5580000,0x00000000d5eec380,0x00000000d5f00000)
  from space 512K, 86% used [0x00000000d5f80000,0x00000000d5fef500,0x00000000d6000000)
  to   space 512K, 0% used [0x00000000d5f00000,0x00000000d5f00000,0x00000000d5f80000)
 ParOldGen       total 1177088K, used 1175990K [0x0000000080000000, 0x00000000c7d80000, 0x00000000d5580000)
  object space 1177088K, 99% used [0x0000000080000000,0x00000000c7c6da70,0x00000000c7d80000)
 Metaspace       used 106977K, committed 109120K, reserved 1179648K
  class space    used 10478K, committed 11520K, reserved 1048576K
}
Event: 31058.734 GC heap after
{Heap after GC invocations=17270 (full 24):
 PSYoungGen      total 10240K, used 506K [0x00000000d5580000, 0x00000000d6300000, 0x0000000100000000)
  eden space 9728K, 0% used [0x00000000d5580000,0x00000000d5580000,0x00000000d5f00000)
  from space 512K, 98% used [0x00000000d5f00000,0x00000000d5f7e958,0x00000000d5f80000)
  to   space 1024K, 0% used [0x00000000d6200000,0x00000000d6200000,0x00000000d6300000)
 ParOldGen       total 1185280K, used 1183802K [0x0000000080000000, 0x00000000c8580000, 0x00000000d5580000)
  object space 1185280K, 99% used [0x0000000080000000,0x00000000c840e9d8,0x00000000c8580000)
 Metaspace       used 106977K, committed 109120K, reserved 1179648K
  class space    used 10478K, committed 11520K, reserved 1048576K
}
Event: 31058.744 GC heap before
{Heap before GC invocations=17271 (full 24):
 PSYoungGen      total 10240K, used 10075K [0x00000000d5580000, 0x00000000d6300000, 0x0000000100000000)
  eden space 9728K, 98% used [0x00000000d5580000,0x00000000d5ed8370,0x00000000d5f00000)
  from space 512K, 98% used [0x00000000d5f00000,0x00000000d5f7e958,0x00000000d5f80000)
  to   space 1024K, 0% used [0x00000000d6200000,0x00000000d6200000,0x00000000d6300000)
 ParOldGen       total 1185280K, used 1183802K [0x0000000080000000, 0x00000000c8580000, 0x00000000d5580000)
  object space 1185280K, 99% used [0x0000000080000000,0x00000000c840e9d8,0x00000000c8580000)
 Metaspace       used 106977K, committed 109120K, reserved 1179648K
  class space    used 10478K, committed 11520K, reserved 1048576K
}
Event: 31058.748 GC heap after
{Heap after GC invocations=17271 (full 24):
 PSYoungGen      total 12800K, used 860K [0x00000000d5580000, 0x00000000d6300000, 0x0000000100000000)
  eden space 11776K, 0% used [0x00000000d5580000,0x00000000d5580000,0x00000000d6100000)
  from space 1024K, 84% used [0x00000000d6200000,0x00000000d62d70f8,0x00000000d6300000)
  to   space 1024K, 0% used [0x00000000d6100000,0x00000000d6100000,0x00000000d6200000)
 ParOldGen       total 1185280K, used 1184353K [0x0000000080000000, 0x00000000c8580000, 0x00000000d5580000)
  object space 1185280K, 99% used [0x0000000080000000,0x00000000c8498780,0x00000000c8580000)
 Metaspace       used 106977K, committed 109120K, reserved 1179648K
  class space    used 10478K, committed 11520K, reserved 1048576K
}
Event: 31058.761 GC heap before
{Heap before GC invocations=17272 (full 24):
 PSYoungGen      total 12800K, used 12592K [0x00000000d5580000, 0x00000000d6300000, 0x0000000100000000)
  eden space 11776K, 99% used [0x00000000d5580000,0x00000000d60f4fb0,0x00000000d6100000)
  from space 1024K, 84% used [0x00000000d6200000,0x00000000d62d70f8,0x00000000d6300000)
  to   space 1024K, 0% used [0x00000000d6100000,0x00000000d6100000,0x00000000d6200000)
 ParOldGen       total 1185280K, used 1184353K [0x0000000080000000, 0x00000000c8580000, 0x00000000d5580000)
  object space 1185280K, 99% used [0x0000000080000000,0x00000000c8498780,0x00000000c8580000)
 Metaspace       used 106977K, committed 109120K, reserved 1179648K
  class space    used 10478K, committed 11520K, reserved 1048576K
}
Event: 31058.766 GC heap after
{Heap after GC invocations=17272 (full 24):
 PSYoungGen      total 12800K, used 631K [0x00000000d5580000, 0x00000000d6580000, 0x0000000100000000)
  eden space 11776K, 0% used [0x00000000d5580000,0x00000000d5580000,0x00000000d6100000)
  from space 1024K, 61% used [0x00000000d6100000,0x00000000d619de58,0x00000000d6200000)
  to   space 1024K, 0% used [0x00000000d6480000,0x00000000d6480000,0x00000000d6580000)
 ParOldGen       total 1189376K, used 1187477K [0x0000000080000000, 0x00000000c8980000, 0x00000000d5580000)
  object space 1189376K, 99% used [0x0000000080000000,0x00000000c87a5410,0x00000000c8980000)
 Metaspace       used 106977K, committed 109120K, reserved 1179648K
  class space    used 10478K, committed 11520K, reserved 1048576K
}

