# JRE version: OpenJDK Runtime Environment Temurin-21.0.9+10 (21.0.9+10) (build 21.0.9+10-LTS)
# Java VM: OpenJDK 64-Bit Server VM Temurin-21.0.9+10 (21.0.9+10-LTS, mixed mode, sharing, tiered, compressed oops, compressed class ptrs, parallel gc, windows-amd64)
GC Precious Log:
 CardTable entry size: 512
 CPUs: 12 total, 12 available
 Memory: 7501M
 Large Page Support: Disabled
 NUMA Support: Disabled
 Compressed Oops: Enabled (32-bit)
 Alignments: Space 512K, Generation 512K, Heap 2M
 Heap Min Capacity: 100M
 Heap Initial Capacity: 100M
 Heap Max Capacity: 2G
 Pre-touch: Disabled
 Parallel Workers: 10
Heap:
 PSYoungGen      total 7168K, used 4460K [0x00000000d5580000, 0x00000000d5d80000, 0x0000000100000000)
  eden space 6144K, 63% used [0x00000000d5580000,0x00000000d594b1b8,0x00000000d5b80000)
  from space 1024K, 56% used [0x00000000d5c80000,0x00000000d5d10000,0x00000000d5d80000)
  to   space 1024K, 0% used [0x00000000d5b80000,0x00000000d5b80000,0x00000000d5c80000)
 ParOldGen       total 656896K, used 656384K [0x0000000080000000, 0x00000000a8180000, 0x00000000d5580000)
  object space 656896K, 99% used [0x0000000080000000,0x00000000a8100380,0x00000000a8180000)
 Metaspace       used 100857K, committed 102528K, reserved 1179648K
  class space    used 10240K, committed 11008K, reserved 1048576K
GC Heap History (20 events):
Event: 10241.682 GC heap before
{Heap before GC invocations=2982 (full 8):
 PSYoungGen      total 7680K, used 7680K [0x00000000d5580000, 0x00000000d5f80000, 0x0000000100000000)
  eden space 7168K, 100% used [0x00000000d5580000,0x00000000d5c80000,0x00000000d5c80000)
  from space 512K, 100% used [0x00000000d5e00000,0x00000000d5e80000,0x00000000d5e80000)
  to   space 1536K, 0% used [0x00000000d5c80000,0x00000000d5c80000,0x00000000d5e00000)
 ParOldGen       total 649728K, used 649670K [0x0000000080000000, 0x00000000a7a80000, 0x00000000d5580000)
  object space 649728K, 99% used [0x0000000080000000,0x00000000a7a71b78,0x00000000a7a80000)
 Metaspace       used 100772K, committed 102400K, reserved 1179648K
  class space    used 10239K, committed 11008K, reserved 1048576K
}
Event: 10241.684 GC heap after
{Heap after GC invocations=2982 (full 8):
 PSYoungGen      total 8192K, used 800K [0x00000000d5580000, 0x00000000d5e80000, 0x0000000100000000)
  eden space 7168K, 0% used [0x00000000d5580000,0x00000000d5580000,0x00000000d5c80000)
  from space 1024K, 78% used [0x00000000d5c80000,0x00000000d5d48020,0x00000000d5d80000)
  to   space 1024K, 0% used [0x00000000d5d80000,0x00000000d5d80000,0x00000000d5e80000)
 ParOldGen       total 650240K, used 650118K [0x0000000080000000, 0x00000000a7b00000, 0x00000000d5580000)
  object space 650240K, 99% used [0x0000000080000000,0x00000000a7ae1b88,0x00000000a7b00000)
 Metaspace       used 100772K, committed 102400K, reserved 1179648K
  class space    used 10239K, committed 11008K, reserved 1048576K
}
Event: 10241.706 GC heap before
{Heap before GC invocations=2983 (full 8):
 PSYoungGen      total 8192K, used 7968K [0x00000000d5580000, 0x00000000d5e80000, 0x0000000100000000)
  eden space 7168K, 100% used [0x00000000d5580000,0x00000000d5c80000,0x00000000d5c80000)
  from space 1024K, 78% used [0x00000000d5c80000,0x00000000d5d48020,0x00000000d5d80000)
  to   space 1024K, 0% used [0x00000000d5d80000,0x00000000d5d80000,0x00000000d5e80000)
 ParOldGen       total 650240K, used 650118K [0x0000000080000000, 0x00000000a7b00000, 0x00000000d5580000)
  object space 650240K, 99% used [0x0000000080000000,0x00000000a7ae1b88,0x00000000a7b00000)
 Metaspace       used 100772K, committed 102400K, reserved 1179648K
  class space    used 10239K, committed 11008K, reserved 1048576K
}
Event: 10241.708 GC heap after
{Heap after GC invocations=2983 (full 8):
 PSYoungGen      total 7168K, used 1009K [0x00000000d5580000, 0x00000000d6080000, 0x0000000100000000)
  eden space 6144K, 0% used [0x00000000d5580000,0x00000000d5580000,0x00000000d5b80000)
  from space 1024K, 98% used [0x00000000d5d80000,0x00000000d5e7c530,0x00000000d5e80000)
  to   space 2048K, 0% used [0x00000000d5b80000,0x00000000d5b80000,0x00000000d5d80000)
 ParOldGen       total 651264K, used 650759K [0x0000000080000000, 0x00000000a7c00000, 0x00000000d5580000)
  object space 651264K, 99% used [0x0000000080000000,0x00000000a7b81c08,0x00000000a7c00000)
 Metaspace       used 100772K, committed 102400K, reserved 1179648K
  class space    used 10239K, committed 11008K, reserved 1048576K
}
Event: 10241.721 GC heap before
{Heap before GC invocations=2984 (full 8):
 PSYoungGen      total 7168K, used 7153K [0x00000000d5580000, 0x00000000d6080000, 0x0000000100000000)
  eden space 6144K, 100% used [0x00000000d5580000,0x00000000d5b80000,0x00000000d5b80000)
  from space 1024K, 98% used [0x00000000d5d80000,0x00000000d5e7c530,0x00000000d5e80000)
  to   space 2048K, 0% used [0x00000000d5b80000,0x00000000d5b80000,0x00000000d5d80000)
 ParOldGen       total 651264K, used 650759K [0x0000000080000000, 0x00000000a7c00000, 0x00000000d5580000)
  object space 651264K, 99% used [0x0000000080000000,0x00000000a7b81c08,0x00000000a7c00000)
 Metaspace       used 100772K, committed 102400K, reserved 1179648K
  class space    used 10239K, committed 11008K, reserved 1048576K
}
Event: 10241.723 GC heap after
{Heap after GC invocations=2984 (full 8):
 PSYoungGen      total 7168K, used 672K [0x00000000d5580000, 0x00000000d5e80000, 0x0000000100000000)
  eden space 6144K, 0% used [0x00000000d5580000,0x00000000d5580000,0x00000000d5b80000)
  from space 1024K, 65% used [0x00000000d5b80000,0x00000000d5c28000,0x00000000d5c80000)
  to   space 1536K, 0% used [0x00000000d5d00000,0x00000000d5d00000,0x00000000d5e80000)
 ParOldGen       total 651776K, used 651752K [0x0000000080000000, 0x00000000a7c80000, 0x00000000d5580000)
  object space 651776K, 99% used [0x0000000080000000,0x00000000a7c7a1a8,0x00000000a7c80000)
 Metaspace       used 100772K, committed 102400K, reserved 1179648K
  class space    used 10239K, committed 11008K, reserved 1048576K
}
Event: 10241.736 GC heap before
{Heap before GC invocations=2985 (full 8):
 PSYoungGen      total 7168K, used 6816K [0x00000000d5580000, 0x00000000d5e80000, 0x0000000100000000)
  eden space 6144K, 100% used [0x00000000d5580000,0x00000000d5b80000,0x00000000d5b80000)
  from space 1024K, 65% used [0x00000000d5b80000,0x00000000d5c28000,0x00000000d5c80000)
  to   space 1536K, 0% used [0x00000000d5d00000,0x00000000d5d00000,0x00000000d5e80000)
 ParOldGen       total 651776K, used 651752K [0x0000000080000000, 0x00000000a7c80000, 0x00000000d5580000)
  object space 651776K, 99% used [0x0000000080000000,0x00000000a7c7a1a8,0x00000000a7c80000)
 Metaspace       used 100773K, committed 102400K, reserved 1179648K
  class space    used 10239K, committed 11008K, reserved 1048576K
}
Event: 10241.739 GC heap after
{Heap after GC invocations=2985 (full 8):
 PSYoungGen      total 7168K, used 640K [0x00000000d5580000, 0x00000000d5e00000, 0x0000000100000000)
  eden space 6144K, 0% used [0x00000000d5580000,0x00000000d5580000,0x00000000d5b80000)
  from space 1024K, 62% used [0x00000000d5d00000,0x00000000d5da0020,0x00000000d5e00000)
  to   space 1024K, 0% used [0x00000000d5b80000,0x00000000d5b80000,0x00000000d5c80000)
 ParOldGen       total 652288K, used 652236K [0x0000000080000000, 0x00000000a7d00000, 0x00000000d5580000)
  object space 652288K, 99% used [0x0000000080000000,0x00000000a7cf31d8,0x00000000a7d00000)
 Metaspace       used 100773K, committed 102400K, reserved 1179648K
  class space    used 10239K, committed 11008K, reserved 1048576K
}
Event: 10250.092 GC heap before
{Heap before GC invocations=2986 (full 8):
 PSYoungGen      total 7168K, used 6784K [0x00000000d5580000, 0x00000000d5e00000, 0x0000000100000000)
  eden space 6144K, 100% used [0x00000000d5580000,0x00000000d5b80000,0x00000000d5b80000)
  from space 1024K, 62% used [0x00000000d5d00000,0x00000000d5da0020,0x00000000d5e00000)
  to   space 1024K, 0% used [0x00000000d5b80000,0x00000000d5b80000,0x00000000d5c80000)
 ParOldGen       total 652288K, used 652236K [0x0000000080000000, 0x00000000a7d00000, 0x00000000d5580000)
  object space 652288K, 99% used [0x0000000080000000,0x00000000a7cf31d8,0x00000000a7d00000)
 Metaspace       used 100773K, committed 102400K, reserved 1179648K
  class space    used 10239K, committed 11008K, reserved 1048576K
}
Event: 10250.102 GC heap after
{Heap after GC invocations=2986 (full 8):
 PSYoungGen      total 7168K, used 865K [0x00000000d5580000, 0x00000000d5d80000, 0x0000000100000000)
  eden space 6144K, 0% used [0x00000000d5580000,0x00000000d5580000,0x00000000d5b80000)
  from space 1024K, 84% used [0x00000000d5b80000,0x00000000d5c58490,0x00000000d5c80000)
  to   space 1024K, 0% used [0x00000000d5c80000,0x00000000d5c80000,0x00000000d5d80000)
 ParOldGen       total 652800K, used 652756K [0x0000000080000000, 0x00000000a7d80000, 0x00000000d5580000)
  object space 652800K, 99% used [0x0000000080000000,0x00000000a7d75238,0x00000000a7d80000)
 Metaspace       used 100773K, committed 102400K, reserved 1179648K
  class space    used 10239K, committed 11008K, reserved 1048576K
}
Event: 10250.159 GC heap before
{Heap before GC invocations=2987 (full 8):
 PSYoungGen      total 7168K, used 7009K [0x00000000d5580000, 0x00000000d5d80000, 0x0000000100000000)
  eden space 6144K, 99% used [0x00000000d5580000,0x00000000d5b7fff8,0x00000000d5b80000)
  from space 1024K, 84% used [0x00000000d5b80000,0x00000000d5c58490,0x00000000d5c80000)
  to   space 1024K, 0% used [0x00000000d5c80000,0x00000000d5c80000,0x00000000d5d80000)
 ParOldGen       total 652800K, used 652756K [0x0000000080000000, 0x00000000a7d80000, 0x00000000d5580000)
  object space 652800K, 99% used [0x0000000080000000,0x00000000a7d75238,0x00000000a7d80000)
 Metaspace       used 100773K, committed 102400K, reserved 1179648K
  class space    used 10239K, committed 11008K, reserved 1048576K
}
Event: 10250.164 GC heap after
{Heap after GC invocations=2987 (full 8):
 PSYoungGen      total 7168K, used 800K [0x00000000d5580000, 0x00000000d5d80000, 0x0000000100000000)
  eden space 6144K, 0% used [0x00000000d5580000,0x00000000d5580000,0x00000000d5b80000)
  from space 1024K, 78% used [0x00000000d5c80000,0x00000000d5d48000,0x00000000d5d80000)
  to   space 1024K, 0% used [0x00000000d5b80000,0x00000000d5b80000,0x00000000d5c80000)
 ParOldGen       total 653824K, used 653498K [0x0000000080000000, 0x00000000a7e80000, 0x00000000d5580000)
  object space 653824K, 99% used [0x0000000080000000,0x00000000a7e2e9d8,0x00000000a7e80000)
 Metaspace       used 100773K, committed 102400K, reserved 1179648K
  class space    used 10239K, committed 11008K, reserved 1048576K
}
Event: 10250.249 GC heap before
{Heap before GC invocations=2988 (full 8):
 PSYoungGen      total 7168K, used 6944K [0x00000000d5580000, 0x00000000d5d80000, 0x0000000100000000)
  eden space 6144K, 100% used [0x00000000d5580000,0x00000000d5b80000,0x00000000d5b80000)
  from space 1024K, 78% used [0x00000000d5c80000,0x00000000d5d48000,0x00000000d5d80000)
  to   space 1024K, 0% used [0x00000000d5b80000,0x00000000d5b80000,0x00000000d5c80000)
 ParOldGen       total 653824K, used 653498K [0x0000000080000000, 0x00000000a7e80000, 0x00000000d5580000)
  object space 653824K, 99% used [0x0000000080000000,0x00000000a7e2e9d8,0x00000000a7e80000)
 Metaspace       used 100815K, committed 102464K, reserved 1179648K
  class space    used 10239K, committed 11008K, reserved 1048576K
}
Event: 10250.257 GC heap after
{Heap after GC invocations=2988 (full 8):
 PSYoungGen      total 7168K, used 958K [0x00000000d5580000, 0x00000000d5d80000, 0x0000000100000000)
  eden space 6144K, 0% used [0x00000000d5580000,0x00000000d5580000,0x00000000d5b80000)
  from space 1024K, 93% used [0x00000000d5b80000,0x00000000d5c6f978,0x00000000d5c80000)
  to   space 1024K, 0% used [0x00000000d5c80000,0x00000000d5c80000,0x00000000d5d80000)
 ParOldGen       total 654336K, used 654159K [0x0000000080000000, 0x00000000a7f00000, 0x00000000d5580000)
  object space 654336K, 99% used [0x0000000080000000,0x00000000a7ed3e90,0x00000000a7f00000)
 Metaspace       used 100815K, committed 102464K, reserved 1179648K
  class space    used 10239K, committed 11008K, reserved 1048576K
}
Event: 10250.505 GC heap before
{Heap before GC invocations=2989 (full 8):
 PSYoungGen      total 7168K, used 7102K [0x00000000d5580000, 0x00000000d5d80000, 0x0000000100000000)
  eden space 6144K, 100% used [0x00000000d5580000,0x00000000d5b80000,0x00000000d5b80000)
  from space 1024K, 93% used [0x00000000d5b80000,0x00000000d5c6f978,0x00000000d5c80000)
  to   space 1024K, 0% used [0x00000000d5c80000,0x00000000d5c80000,0x00000000d5d80000)
 ParOldGen       total 654336K, used 654159K [0x0000000080000000, 0x00000000a7f00000, 0x00000000d5580000)
  object space 654336K, 99% used [0x0000000080000000,0x00000000a7ed3e90,0x00000000a7f00000)
 Metaspace       used 100815K, committed 102464K, reserved 1179648K
  class space    used 10239K, committed 11008K, reserved 1048576K
}
Event: 10250.508 GC heap after
{Heap after GC invocations=2989 (full 8):
 PSYoungGen      total 7168K, used 810K [0x00000000d5580000, 0x00000000d5d80000, 0x0000000100000000)
  eden space 6144K, 0% used [0x00000000d5580000,0x00000000d5580000,0x00000000d5b80000)
  from space 1024K, 79% used [0x00000000d5c80000,0x00000000d5d4a910,0x00000000d5d80000)
  to   space 1024K, 0% used [0x00000000d5b80000,0x00000000d5b80000,0x00000000d5c80000)
 ParOldGen       total 655360K, used 654935K [0x0000000080000000, 0x00000000a8000000, 0x00000000d5580000)
  object space 655360K, 99% used [0x0000000080000000,0x00000000a7f95f40,0x00000000a8000000)
 Metaspace       used 100815K, committed 102464K, reserved 1179648K
  class space    used 10239K, committed 11008K, reserved 1048576K
}
Event: 10250.545 GC heap before
{Heap before GC invocations=2990 (full 8):
 PSYoungGen      total 7168K, used 6954K [0x00000000d5580000, 0x00000000d5d80000, 0x0000000100000000)
  eden space 6144K, 100% used [0x00000000d5580000,0x00000000d5b80000,0x00000000d5b80000)
  from space 1024K, 79% used [0x00000000d5c80000,0x00000000d5d4a910,0x00000000d5d80000)
  to   space 1024K, 0% used [0x00000000d5b80000,0x00000000d5b80000,0x00000000d5c80000)
 ParOldGen       total 655360K, used 654935K [0x0000000080000000, 0x00000000a8000000, 0x00000000d5580000)
  object space 655360K, 99% used [0x0000000080000000,0x00000000a7f95f40,0x00000000a8000000)
 Metaspace       used 100818K, committed 102464K, reserved 1179648K
  class space    used 10239K, committed 11008K, reserved 1048576K
}
Event: 10250.548 GC heap after
{Heap after GC invocations=2990 (full 8):
 PSYoungGen      total 7168K, used 980K [0x00000000d5580000, 0x00000000d5d80000, 0x0000000100000000)
  eden space 6144K, 0% used [0x00000000d5580000,0x00000000d5580000,0x00000000d5b80000)
  from space 1024K, 95% used [0x00000000d5b80000,0x00000000d5c75200,0x00000000d5c80000)
  to   space 1024K, 0% used [0x00000000d5c80000,0x00000000d5c80000,0x00000000d5d80000)
 ParOldGen       total 655872K, used 655564K [0x0000000080000000, 0x00000000a8080000, 0x00000000d5580000)
  object space 655872K, 99% used [0x0000000080000000,0x00000000a8033170,0x00000000a8080000)
 Metaspace       used 100818K, committed 102464K, reserved 1179648K
  class space    used 10239K, committed 11008K, reserved 1048576K
}
Event: 10359.786 GC heap before
{Heap before GC invocations=2991 (full 8):
 PSYoungGen      total 7168K, used 7124K [0x00000000d5580000, 0x00000000d5d80000, 0x0000000100000000)
  eden space 6144K, 99% used [0x00000000d5580000,0x00000000d5b7ffa8,0x00000000d5b80000)
  from space 1024K, 95% used [0x00000000d5b80000,0x00000000d5c75200,0x00000000d5c80000)
  to   space 1024K, 0% used [0x00000000d5c80000,0x00000000d5c80000,0x00000000d5d80000)
 ParOldGen       total 655872K, used 655564K [0x0000000080000000, 0x00000000a8080000, 0x00000000d5580000)
  object space 655872K, 99% used [0x0000000080000000,0x00000000a8033170,0x00000000a8080000)
 Metaspace       used 100833K, committed 102464K, reserved 1179648K
  class space    used 10240K, committed 11008K, reserved 1048576K
}
Event: 10359.790 GC heap after
{Heap after GC invocations=2991 (full 8):
 PSYoungGen      total 7168K, used 576K [0x00000000d5580000, 0x00000000d5d80000, 0x0000000100000000)
  eden space 6144K, 0% used [0x00000000d5580000,0x00000000d5580000,0x00000000d5b80000)
  from space 1024K, 56% used [0x00000000d5c80000,0x00000000d5d10000,0x00000000d5d80000)
  to   space 1024K, 0% used [0x00000000d5b80000,0x00000000d5b80000,0x00000000d5c80000)
 ParOldGen       total 656896K, used 656384K [0x0000000080000000, 0x00000000a8180000, 0x00000000d5580000)
  object space 656896K, 99% used [0x0000000080000000,0x00000000a8100380,0x00000000a8180000)
 Metaspace       used 100833K, committed 102464K, reserved 1179648K
  class space    used 10240K, committed 11008K, reserved 1048576K
}

